0000000000000000 A __start__
0000000000000000 T _start
0000000000000000 b _TLS_MODULE_BASE_
0000000000000000 0000000000000004 b g_sfdnsresResult
0000000000000004 0000000000000004 B h_errno
0000000000000008 0000000000000004 B g_bsdErrno
000000000000000c 0000000000000004 B g_bsdResult
0000000000000010 0000000000000401 b __fixedpath
0000000000000080 t startup
00000000000000b0 t bss_loop
0000000000000104 T __nx_exit
0000000000000114 T __nx_mod0
0000000000000130 T _init
0000000000000180 0000000000000038 T exit
00000000000001c0 000000000000068c T main
0000000000000418 0000000000002000 b tmp_buffer.6882
0000000000000850 t deregister_tm_clones
0000000000000880 t register_tm_clones
00000000000008b8 t __do_global_dtors_aux
0000000000000900 t frame_dummy
0000000000000940 00000000000001d0 T broadcast
0000000000000b10 0000000000000034 t ipcCloseObjectById
0000000000000b50 00000000000000c4 t _appletCmdNoIO
0000000000000c20 0000000000000124 t _appletGetHandle
0000000000000d50 00000000000000ec t _appletReceiveMessage
0000000000000e40 00000000000000e0 t _appletGetOperationMode.constprop.17
0000000000000f20 00000000000000e0 t _appletGetPerformanceMode.constprop.18
0000000000001000 00000000000000e0 t _appletGetCurrentFocusState.constprop.19
00000000000010e0 00000000000000cc t _appletAcquireForegroundRights
00000000000011b0 00000000000000d4 t _appletSetPerformanceModeChangedNotification.constprop.21
0000000000001290 00000000000000d0 t _appletSetOutOfFocusSuspendingEnabled
0000000000001360 00000000000000d4 t _appletSetOperationModeChangedNotification.constprop.20
0000000000001440 00000000000000d8 t _appletSetFocusHandlingMode
0000000000001520 00000000000000e0 t _appletGetAppletResourceUserId.constprop.15
0000000000001600 000000000000013c t _appletGetSessionProxy.constprop.14
0000000000001740 0000000000000010 T appletGetAppletType
0000000000001750 0000000000000028 T appletHook
0000000000001780 0000000000000034 T appletUnhook
00000000000017c0 0000000000000028 T appletGetAppletResourceUserId
00000000000017f0 0000000000000120 T appletNotifyRunning
0000000000001910 0000000000000124 T appletSetGamePlayRecordingState
0000000000001a40 00000000000006c0 T appletExit
0000000000002100 0000000000000594 T appletInitialize
0000000000002418 0000000000002000 b tmp_buffer.6906
00000000000026a0 0000000000000010 t _appletExitProcess
00000000000026b0 00000000000000ec T appletCreateManagedDisplayLayer
00000000000027a0 000000000000000c T appletGetOperationMode
00000000000027b0 000000000000017c T appletMainLoop
0000000000002930 0000000000000034 t ipcCloseObjectById
0000000000002970 0000000000000124 t _hidGetSharedMemoryHandle.constprop.11
0000000000002aa0 0000000000000134 t _hidCreateAppletResource.constprop.10
0000000000002be0 0000000000000100 t _hidCmdWithNoInput
0000000000002ce0 000000000000010c t _hidCmdWithInputU32
0000000000002df0 00000000000001d0 T hidReset
0000000000002fc0 000000000000000c T hidGetSharedmemAddr
0000000000002fd0 000000000000006c T hidKeysHeld
0000000000003040 000000000000000c T hidTouchCount
0000000000003050 0000000000000560 T hidScanInput
00000000000035b0 00000000000000ac T hidJoystickRead
0000000000003660 0000000000000198 T hidSetSupportedNpadIdType
0000000000003800 000000000000000c T hidSetSupportedNpadStyleSet
0000000000003810 000000000000000c T hidSetNpadJoyAssignmentModeDual
0000000000003820 0000000000000130 T hidExit
0000000000003950 000000000000015c T hidInitialize
0000000000003ab0 0000000000000034 t ipcCloseObjectById
0000000000003af0 0000000000000124 t _apmGetSession.constprop.4
0000000000003c20 00000000000000f0 T apmExit
0000000000003d10 000000000000008c T apmInitialize
0000000000003da0 00000000000000cc T apmSetPerformanceConfiguration
0000000000003e70 0000000000000044 T smAddOverrideHandle
0000000000003ec0 0000000000000060 T smGetServiceOverride
0000000000003f20 0000000000000014 T smHasInitialized
0000000000003f40 000000000000005c T smExit
0000000000003fa0 0000000000000038 T smEncodeName
0000000000003fe0 000000000000012c T smGetServiceOriginal
0000000000004110 0000000000000158 T smInitialize
0000000000004270 0000000000000074 T smGetService
00000000000042f0 0000000000000104 T fatalWithType
0000000000004400 0000000000000014 T fatalSimple
0000000000004420 0000000000000208 T envSetup
0000000000004630 0000000000000020 T envGetMainThreadHandle
0000000000004650 000000000000000c T envIsNso
0000000000004660 0000000000000014 T envHasHeapOverride
0000000000004680 000000000000000c T envGetHeapOverrideAddr
0000000000004690 000000000000000c T envGetHeapOverrideSize
00000000000046a0 0000000000000014 T envHasArgv
00000000000046c0 000000000000000c T envGetArgv
00000000000046d0 000000000000000c T envGetExitFuncPtr
00000000000046e0 000000000000000c T envSetExitFuncPtr
00000000000046f0 0000000000000240 t _socketInetAtonDetail
0000000000004930 00000000000000a8 t _socketParseBsdResult.part.0
00000000000049e0 0000000000000048 t _socketRead
0000000000004a30 0000000000000048 t _socketWrite
0000000000004a80 000000000000003c t _socketClose
0000000000004ac0 000000000000007c t _socketOpen
0000000000004b40 0000000000000110 t inet_ntop4
0000000000004c50 0000000000000080 t _socketGetFd
0000000000004cd0 0000000000000250 t _socketDeserializeHostent.constprop.8
0000000000004f20 000000000000000c T socketGetDefaultInitConfig
0000000000004f30 0000000000000020 T socketExit
0000000000004f50 0000000000000108 T socketInitialize
0000000000005060 00000000000000a4 T socket
0000000000005110 0000000000000058 T recvfrom
0000000000005170 0000000000000058 T sendto
00000000000051d0 000000000000005c T setsockopt
0000000000005230 0000000000000378 T inet_ntop
00000000000055b0 0000000000000024 T inet_aton
00000000000055e0 0000000000000190 T gethostbyname
0000000000005770 0000000000000044 t consoleDrawChar
00000000000057c0 0000000000000140 t consoleClearLine
0000000000005900 000000000000004c t consoleNewRow
0000000000005950 0000000000000118 t consolePrintChar
0000000000005a70 000000000000015c t consoleCls
0000000000005bd0 00000000000007e0 t con_write
00000000000063b0 0000000000000114 T consoleInit
00000000000064d0 0000000000000048 T consoleExit
0000000000006520 0000000000000028 T consoleUpdate
0000000000006550 0000000000000014 t ConsoleSwRenderer_flushAndSwap
0000000000006570 0000000000000004 t ConsoleSwRenderer_deinit
0000000000006580 00000000000000ac t ConsoleSwRenderer_init
0000000000006630 0000000000000224 t ConsoleSwRenderer_drawChar
0000000000006860 0000000000000158 t ConsoleSwRenderer_scrollWindow
00000000000069c0 000000000000000c W getDefaultConsoleRenderer
00000000000069d0 0000000000000030 T _convert_errno
0000000000006a00 T svcSetHeapSize
0000000000006a14 T svcUnmapMemory
0000000000006a1c T svcQueryMemory
0000000000006a30 T svcExitProcess
0000000000006a38 T svcSleepThread
0000000000006a40 T svcMapSharedMemory
0000000000006a48 T svcUnmapSharedMemory
0000000000006a50 T svcCreateTransferMemory
0000000000006a64 T svcCloseHandle
0000000000006a6c T svcResetSignal
0000000000006a74 T svcWaitSynchronization
0000000000006a88 T svcArbitrateLock
0000000000006a90 T svcArbitrateUnlock
0000000000006a98 T svcConnectToNamedPort
0000000000006aac T svcSendSyncRequest
0000000000006ab4 T svcBreak
0000000000006abc T svcGetInfo
0000000000006ad0 T svcUnmapTransferMemory
0000000000006ad8 T __aarch64_read_tp
0000000000006af0 0000000000000180 t _CacheValues
0000000000006c70 000000000000001c T kernelAbove200
0000000000006c90 000000000000001c T kernelAbove300
0000000000006cb0 0000000000000030 T detectDebugger
0000000000006ce0 0000000000000014 T shmemLoadRemote
0000000000006d00 0000000000000084 T shmemMap
0000000000006d90 0000000000000058 T shmemUnmap
0000000000006df0 0000000000000044 T shmemClose
0000000000006e40 000000000000004c T rwlockReadLock
0000000000006e90 000000000000004c T rwlockReadUnlock
0000000000006ee0 0000000000000008 T rwlockWriteLock
0000000000006ef0 0000000000000008 T rwlockWriteUnlock
0000000000006f00 00000000000000a8 T tmemCreate
0000000000006fb0 0000000000000058 T tmemUnmap
0000000000007010 0000000000000068 T tmemClose
0000000000007080 000000000000008c T mutexLock
0000000000007110 0000000000000030 T mutexUnlock
0000000000007140 000000000000004c T rmutexLock
0000000000007190 000000000000001c T rmutexUnlock
00000000000071b0 000000000000007c t _GetRegionFromInfo.isra.1
0000000000007230 0000000000000114 T virtmemSetup
0000000000007350 000000000000013c T virtmemReserve
0000000000007490 0000000000000004 T virtmemFree
00000000000074a0 000000000000000c T eventLoadRemote
00000000000074b0 000000000000011c T eventWait
00000000000075d0 0000000000000050 T eventClose
0000000000007620 0000000000000034 t ipcCloseObjectById
0000000000007660 000000000000050c t _sfdnsresDispatchCommand
0000000000007b70 000000000000006c t _sfdnsresDispatchDnsRequest.constprop.4
0000000000007be0 00000000000000bc T sfdnsresGetHostByName
0000000000007ca0 0000000000000034 t ipcCloseObjectById
0000000000007ce0 0000000000000120 t _bsdRegisterClient.isra.5.constprop.11
0000000000007e00 0000000000000308 t _bsdDispatchBasicCommand.isra.6
0000000000008110 0000000000000044 t _bsdSocketCreationCommand
0000000000008160 0000000000000044 t _bsdDispatchCommandWithOutAddrlen.isra.7
00000000000081b0 00000000000000c8 t ipcQueryPointerBufferSize.constprop.10
0000000000008280 00000000000000f8 t _bsdStartMonitor.constprop.9
0000000000008380 00000000000000f0 T bsdExit
0000000000008470 000000000000014c T bsdInitialize
00000000000085c0 0000000000000014 T bsdSocket
00000000000085e0 00000000000000c4 T bsdOpen
00000000000086b0 0000000000000198 T bsdRecvFrom
0000000000008850 00000000000001b0 T bsdSendTo
0000000000008a00 00000000000000ac T bsdSetSockOpt
0000000000008ab0 00000000000000bc T bsdWrite
0000000000008b70 00000000000000fc T bsdRead
0000000000008c70 0000000000000040 T bsdClose
0000000000008cb0 0000000000000034 t ipcCloseObjectById
0000000000008cf0 00000000000000c4 t ipcConvertSessionToDomain
0000000000008dc0 000000000000010c t ipcCloneSession.constprop.14
0000000000008ed0 0000000000000294 t _nifmCreateGeneralService.constprop.11
0000000000009170 0000000000000294 t _nifmCreateGeneralServiceOld.constprop.12
0000000000009410 00000000000000f0 T nifmExit
0000000000009500 00000000000000d4 T nifmInitialize
00000000000095e0 000000000000004c t _gfxCancelBuffer
0000000000009630 0000000000000170 t _gfxDequeueBuffer.part.0
00000000000097a0 00000000000004b4 T gfxInitDefault
0000000000009c60 00000000000000e8 T gfxConfigureCrop
0000000000009d50 0000000000000014 T gfxConfigureResolution
0000000000009d70 0000000000000060 t _gfxAutoResolutionAppletHook
0000000000009dd0 000000000000011c T gfxConfigureAutoResolution
0000000000009ef0 0000000000000174 T gfxExit
000000000000a070 000000000000003c T _gfxGraphicBufferInit
000000000000a0b0 000000000000006c T gfxSwapBuffers
000000000000a120 0000000000000068 T gfxGetFramebuffer
000000000000a190 000000000000002c T gfxGetFramebufferResolution
000000000000a1c0 000000000000000c T gfxSetMode
000000000000a1d0 000000000000012c T gfxFlushBuffers
000000000000a300 0000000000000038 t nvmapobjClose.part.0.constprop.3
000000000000a340 00000000000001e8 T nvgfxInitialize
000000000000a530 0000000000000058 T nvgfxExit
000000000000a590 000000000000004c T nvgfxGetFramebuffer
000000000000a5e0 00000000000000a0 T __nx_dynamic
000000000000a680 00000000000000d8 W __libnx_initheap
000000000000a760 0000000000000090 W __appInit
000000000000a7f0 0000000000000034 W __appExit
000000000000a830 0000000000000028 W __libnx_init
000000000000a860 0000000000000020 W __libnx_exit
000000000000a880 0000000000000008 t mutexInit
000000000000a890 000000000000000c t rmutexInit
000000000000a8a0 000000000000008c T __libnx_gtod
000000000000a930 0000000000000020 T __libnx_clock_settime
000000000000a950 0000000000000028 T __libnx_nanosleep
000000000000a980 0000000000000034 t __libnx_get_reent
000000000000a9c0 00000000000000f8 T __libnx_clock_gettime
000000000000aac0 0000000000000058 T __libnx_clock_getres
000000000000ab20 000000000000027c T __libnx_init_time
000000000000ada0 0000000000000118 T newlibSetup
000000000000aec0 0000000000000368 T argvSetup
000000000000b230 0000000000000010 t fsdev_link
000000000000b240 0000000000000010 t fsdev_dirreset
000000000000b250 0000000000000010 t fsdev_chmod
000000000000b260 000000000000001c t error_cmp
000000000000b280 0000000000000058 t fsdev_translate_error
000000000000b2e0 0000000000000040 t fsdev_fsync
000000000000b320 0000000000000060 t fsdev_ftruncate
000000000000b380 0000000000000020 t fsdev_dirclose
000000000000b3a0 000000000000016c t fsdev_dirnext
000000000000b510 000000000000001c t fsdev_close
000000000000b530 0000000000000080 t fsdev_fstat
000000000000b5b0 00000000000000b0 t fsdev_seek
000000000000b660 0000000000000198 t fsdev_read
000000000000b800 00000000000001a0 t fsdev_write
000000000000b9a0 0000000000000120 t fsdevFindDevice
000000000000bac0 0000000000000168 t _fsdevMountDevice
000000000000bc30 00000000000001fc t fsdev_getfspath
000000000000be30 0000000000000070 t fsdev_rmdir
000000000000bea0 00000000000000d4 t fsdev_statvfs
000000000000bf80 00000000000000ec t fsdev_diropen
000000000000c070 0000000000000070 t fsdev_mkdir
000000000000c0e0 0000000000000114 t fsdev_rename
000000000000c200 00000000000000e8 t fsdev_chdir
000000000000c2f0 0000000000000070 t fsdev_unlink
000000000000c360 0000000000000168 t fsdev_stat
000000000000c4d0 0000000000000180 t fsdev_open
000000000000c650 00000000000000b8 t _fsdevUnmountDeviceStruct.part.4
000000000000c710 0000000000000010 t fsdev_fchmod
000000000000c720 0000000000000158 T fsdevMountSdmc
000000000000c880 0000000000000064 T fsdevUnmountAll
000000000000c8f0 000000000000012c T decode_utf8
000000000000ca1c T armDCacheFlush
000000000000ca40 t armDCacheFlush_L0
000000000000ca60 0000000000000034 t ipcCloseObjectById
000000000000caa0 00000000000000c8 t ipcQueryPointerBufferSize.constprop.10
000000000000cb70 000000000000010c t ipcCloneSession.constprop.9
000000000000cc80 00000000000000d8 t _nvSetClientPID
000000000000cd60 00000000000000f0 t _nvInitialize.constprop.8
000000000000ce50 0000000000000108 T nvExit
000000000000cf60 0000000000000178 T nvInitialize
000000000000d0e0 000000000000012c T nvConvertError
000000000000d210 000000000000012c T nvOpen
000000000000d340 0000000000000270 T nvIoctl
000000000000d5b0 00000000000000dc T nvClose
000000000000d690 000000000000015c T nvQueryEvent
000000000000d7f0 0000000000000034 t ipcCloseObjectById
000000000000d830 000000000000012c t _timeGetSession
000000000000d960 00000000000001ec T timeExit
000000000000db50 00000000000000d8 T timeInitialize
000000000000dc30 0000000000000124 T timeGetCurrentTime
000000000000dd60 0000000000000118 T timeToCalendarTimeWithMyRule
000000000000de80 0000000000000034 t ipcCloseObjectById
000000000000dec0 0000000000000134 t _viGetSession.constprop.7
000000000000e000 00000000000001e4 T viExit
000000000000e1f0 0000000000000304 T viInitialize
000000000000e500 000000000000000c T viGetSession_IHOSBinderDriverRelay
000000000000e510 0000000000000140 T viOpenDisplay
000000000000e650 0000000000000104 T viCloseDisplay
000000000000e760 000000000000013c T viGetDisplayVsyncEvent
000000000000e8a0 0000000000000104 T viCloseLayer
000000000000e9b0 0000000000000320 T viCreateLayer
000000000000ecd0 00000000000000e8 T viSetLayerScalingMode
000000000000edc0 0000000000000220 t ipcPrepareHeader
000000000000efe0 000000000000022c t ipcParse
000000000000f210 00000000000000b8 t serviceIpcParse
000000000000f2d0 0000000000000034 t ipcCloseObjectById
000000000000f310 0000000000000200 T fsInitialize
000000000000f510 000000000000009c T fsExit
000000000000f5b0 0000000000000134 T fsMountSdcard
000000000000f6f0 0000000000000120 T fsFsCreateFile
000000000000f810 000000000000019c T fsFsDeleteFile
000000000000f9b0 00000000000001a4 T fsFsCreateDirectory
000000000000fb60 00000000000001a4 T fsFsDeleteDirectory
000000000000fd10 0000000000000190 T fsFsRenameFile
000000000000fea0 0000000000000190 T fsFsRenameDirectory
0000000000010030 000000000000012c T fsFsGetEntryType
0000000000010160 0000000000000150 T fsFsOpenFile
00000000000102b0 0000000000000150 T fsFsOpenDirectory
0000000000010400 000000000000012c T fsFsGetFreeSpace
0000000000010530 000000000000012c T fsFsGetTotalSpace
0000000000010660 000000000000006c T fsFsClose
00000000000106d0 0000000000000138 T fsFileRead
0000000000010810 000000000000010c T fsFileWrite
0000000000010920 0000000000000174 T fsFileFlush
0000000000010aa0 000000000000017c T fsFileSetSize
0000000000010c20 0000000000000100 T fsFileGetSize
0000000000010d20 000000000000006c T fsFileClose
0000000000010d90 000000000000006c T fsDirClose
0000000000010e00 000000000000013c T fsDirRead
0000000000010f40 0000000000000060 t _nvFenceEventWaitCommon
0000000000010fa0 000000000000005c T nvFenceInit
0000000000011000 0000000000000098 T nvFenceExit
00000000000110a0 00000000000001e0 T nvFenceWait
0000000000011280 000000000000007c T nvMultiFenceWait
0000000000011300 0000000000000024 T nvioctlNvhostCtrl_EventSignal
0000000000011330 000000000000003c T nvioctlNvhostCtrl_EventWait
0000000000011370 0000000000000028 T nvioctlNvhostCtrl_EventWaitAsync
00000000000113a0 0000000000000024 T nvioctlNvhostCtrl_EventRegister
00000000000113d0 0000000000000024 T nvioctlNvhostCtrl_EventUnregister
0000000000011400 000000000000003c T nvioctlNvmap_Create
0000000000011440 0000000000000030 T nvioctlNvmap_Alloc
0000000000011470 000000000000003c T nvioctlNvmap_GetId
00000000000114b0 00000000000000f0 T bqRequestBuffer
00000000000115a0 0000000000000154 T bqDequeueBuffer
0000000000011700 000000000000009c T bqDetachBuffer
00000000000117a0 00000000000000e0 T bqQueueBuffer
0000000000011880 0000000000000090 T bqCancelBuffer
0000000000011910 00000000000000e4 T bqConnect
0000000000011a00 000000000000009c T bqDisconnect
0000000000011aa0 00000000000000b4 T bqSetPreallocatedBuffer
0000000000011b60 0000000000000248 t _binderTransactParcelAuto
0000000000011db0 00000000000000c8 t ipcQueryPointerBufferSize
0000000000011e80 0000000000000138 t _binderTransactParcel
0000000000011fc0 0000000000000014 T binderCreate
0000000000011fe0 0000000000000010 T binderTransactParcel
0000000000011ff0 0000000000000124 T binderConvertErrorCode
0000000000012120 00000000000000e8 T binderAdjustRefcount
0000000000012210 0000000000000074 T binderClose
0000000000012290 00000000000000c4 T binderInitSession
0000000000012360 0000000000000144 T binderGetNativeHandle
00000000000124b0 0000000000000028 T parcelCreate
00000000000124e0 000000000000019c T parcelTransact
0000000000012680 0000000000000088 T parcelWriteData
0000000000012710 0000000000000098 T parcelReadData
00000000000127b0 0000000000000020 T parcelWriteInt32
00000000000127d0 0000000000000020 T parcelWriteUInt32
00000000000127f0 0000000000000080 T parcelWriteString16
0000000000012870 0000000000000030 T parcelWriteInterfaceToken
00000000000128a0 0000000000000024 T parcelReadInt32
00000000000128d0 0000000000000068 T parcelReadFlattenedObject
0000000000012940 0000000000000044 T parcelWriteFlattenedObject
0000000000012990 00000000000000c4 T nxlinkSetup
0000000000012a58 000000000000001c T atoi
0000000000012a78 00000000000000b8 T bsearch
0000000000012b30 0000000000000014 T __errno
0000000000012b48 0000000000000044 T __libc_fini_array
0000000000012b90 00000000000000e0 T _fwrite_r
0000000000012c70 0000000000000040 T fwrite
0000000000012cb0 000000000000008c T __libc_init_array
0000000000012d40 000000000000002c T __locale_mb_cur_max
0000000000012d70 0000000000000008 T __locale_ctype_ptr_l
0000000000012d78 000000000000002c T __locale_ctype_ptr
0000000000012da8 0000000000000030 T memalign
0000000000012dd8 0000000000000198 T _memalign_r
0000000000012f70 000000000000001c T malloc
0000000000012f90 000000000000001c T free
0000000000012fb0 0000000000000844 T _malloc_r
00000000000137f8 00000000000002c8 T __utf8_mbtowc
0000000000013ac0 00000000000000d8 T memchr
0000000000013bc0 000000000000016c T memcpy
0000000000013d40 00000000000001d8 T memset
0000000000013f18 000000000000000c T __malloc_lock
0000000000013f28 000000000000000c T __malloc_unlock
0000000000013f38 000000000000008c T printf
0000000000013fc8 00000000000000d4 T _puts_r
00000000000140a0 000000000000001c T puts
00000000000140c0 000000000000003c T setenv
0000000000014100 0000000000000264 T _setenv_r
0000000000014368 000000000000025c T setvbuf
00000000000145c8 00000000000000bc T sscanf
0000000000014688 0000000000000050 T __sread
00000000000146d8 0000000000000008 T __seofread
00000000000146e0 000000000000006c T __swrite
0000000000014750 0000000000000050 T __sseek
00000000000147a0 0000000000000008 T __sclose
00000000000147a8 00000000000000dc T strchr
00000000000148c0 00000000000000a4 T strcmp
0000000000014980 00000000000001b8 T strcpy
0000000000014b40 0000000000000140 T strlen
0000000000014c80 0000000000000084 T strncat
0000000000014d5c 0000000000000108 T strncmp
0000000000014e68 00000000000000a8 T strncpy
0000000000014f64 00000000000000e0 T strnlen
0000000000015020 00000000000001d0 t _strtol_l.isra.0
00000000000151f0 0000000000000048 T _strtol_r
0000000000015238 000000000000005c T strtol
0000000000015298 00000000000001e0 t _strtoul_l.isra.0
0000000000015478 0000000000000048 T _strtoul_r
00000000000154c0 000000000000005c T strtoul
000000000001551c 000000000000005c t get_arg
0000000000015578 0000000000002f48 T __ssvfscanf_r
00000000000184c0 000000000000076c t get_arg
0000000000018c2c 0000000000003bfc T _vfprintf_r
000000000001c828 00000000000000ec t __sbprintf
000000000001c918 00000000000000d0 T _wcrtomb_r
000000000001c9e8 0000000000000010 T _wcsrtombs_r
000000000001c9f8 00000000000000e4 T __utf8_wctomb
000000000001cae0 0000000000000140 T __swsetup_r
000000000001cc20 000000000000017c T __call_exitprocs
000000000001cda0 00000000000001a8 t quorem
000000000001cf48 00000000000010dc T _dtoa_r
000000000001e028 000000000000000c T __env_lock
000000000001e038 000000000000000c T __env_unlock
000000000001e048 0000000000000214 T __sflush_r
000000000001e260 00000000000000b8 T _fflush_r
000000000001e318 0000000000000078 t std
000000000001e390 000000000000000c T _cleanup_r
000000000001e3a0 000000000000000c T __sfp_lock_acquire
000000000001e3b0 000000000000000c T __sfp_lock_release
000000000001e3c0 000000000000000c T __sinit_lock_acquire
000000000001e3d0 000000000000000c T __sinit_lock_release
000000000001e3e0 0000000000000080 T __sinit
000000000001e460 0000000000000118 T _malloc_trim_r
000000000001e578 00000000000002f4 T _free_r
000000000001e870 00000000000004b8 T __sfvwrite_r
000000000001ed28 00000000000000bc T _fwalk_reent
000000000001ede8 0000000000000100 T _findenv_r
000000000001eee8 0000000000000084 T iswspace
000000000001ef70 0000000000000244 t __jp2uc
000000000001f1b8 00000000000000d0 T _jp2uc
000000000001f288 0000000000000008 T __localeconv_l
000000000001f290 0000000000000028 T _localeconv_r
000000000001f2b8 00000000000000a4 T __swhatbuf_r
000000000001f360 000000000000010c T __smakebuf_r
000000000001f470 00000000000000d8 T _mbrtowc_r
000000000001f580 00000000000000ac T memmove
000000000001f630 0000000000000090 T _Balloc
000000000001f6c0 000000000000001c T _Bfree
000000000001f6e0 00000000000000e8 T __multadd
000000000001f7c8 0000000000000120 T __s2b
000000000001f8e8 000000000000005c T __hi0bits
000000000001f948 00000000000000a0 T __lo0bits
000000000001f9e8 000000000000002c T __i2b
000000000001fa18 00000000000001c8 T __multiply
000000000001fbe0 0000000000000104 T __pow5mult
000000000001fce8 0000000000000134 T __lshift
000000000001fe20 0000000000000050 T __mcmp
000000000001fe70 000000000000014c T __mdiff
000000000001ffc0 0000000000000068 T __ulp
0000000000020028 0000000000000150 T __b2d
0000000000020178 0000000000000138 T __d2b
00000000000202b0 00000000000000a0 T __ratio
0000000000020350 0000000000000068 T __copybits
00000000000203b8 0000000000000084 T __any_on
0000000000020440 0000000000000030 T realloc
0000000000020470 000000000000056c T _realloc_r
00000000000209e0 00000000000000bc T __sccl
0000000000020aa0 000000000000000c T nanf
0000000000020ab0 000000000000007c T frexp
0000000000020b30 00000000000000a8 T sprintf
0000000000020bd8 00000000000000c8 T stpncpy
0000000000020ca0 0000000000000054 t sulp
0000000000020cf8 00000000000010f0 T _strtod_l
0000000000021de8 0000000000000040 T _strtod_r
0000000000021e28 00000000000001d0 t _strtoll_l.isra.0
0000000000021ff8 0000000000000048 T _strtoll_r
0000000000022040 00000000000001e0 t _strtoull_l.isra.0
0000000000022220 0000000000000048 T _strtoull_r
0000000000022268 00000000000001c0 T __ssprint_r
0000000000022428 00000000000000f4 T _sungetc_r
000000000002251c 0000000000000070 T __ssrefill_r
000000000002258c 00000000000000e0 T _sfread_r
000000000002266c 000000000000076c t get_arg
0000000000022dd8 0000000000003b44 T _svfprintf_r
0000000000026920 00000000000000c8 T __submore
00000000000269e8 000000000000003c T __sprint_r
0000000000026a28 00000000000001dc T _wcsnrtombs_l
0000000000026c08 0000000000000054 T _wcsnrtombs_r
0000000000026c60 0000000000000094 T _calloc_r
0000000000026cf8 000000000000015c T _fclose_r
0000000000026e58 0000000000000114 t rshift
0000000000026f70 00000000000007e8 T __gethex
0000000000027758 0000000000000048 T __match
00000000000277a0 000000000000022c T __hexnan
00000000000279d0 0000000000000008 t null_write
00000000000279d8 0000000000000018 T setDefaultDevice
00000000000279f0 00000000000000f8 T FindDevice
0000000000027ae8 0000000000000034 T RemoveDevice
0000000000027b20 00000000000000d8 T AddDevice
0000000000027bf8 00000000000000a8 T _close_r
0000000000027ca0 0000000000000080 T _fstat_r
0000000000027d20 0000000000000008 T _isatty_r
0000000000027d28 0000000000000094 T _lseek_r
0000000000027dc0 00000000000000a4 T _read_r
0000000000027e68 0000000000000078 T _sbrk_r
0000000000027ee0 00000000000000a4 T _write_r
0000000000027f88 0000000000000024 T _exit
0000000000027fb0 0000000000000234 T _concatenate_path
00000000000281e8 0000000000000178 T chdir
0000000000028360 0000000000000018 T __libc_lock_acquire
0000000000028378 0000000000000018 T __libc_lock_release
0000000000028390 0000000000000018 T __libc_lock_init_recursive
00000000000283a8 0000000000000018 T __libc_lock_acquire_recursive
00000000000283c0 0000000000000018 T __libc_lock_release_recursive
00000000000283d8 0000000000000018 T __libc_lock_close_recursive
00000000000283f0 000000000000003c T __free_handle
0000000000028430 0000000000000058 T __release_handle
0000000000028488 00000000000000c0 T __alloc_handle
0000000000028548 0000000000000020 T __get_handle
0000000000028568 0000000000000024 T __getreent
0000000000028590 0000000000000150 t __extenddftf2
00000000000286e0 0000000000000350 t __trunctfdf2
0000000000028a30 0000000000000070 t __sfp_handle_exceptions
0000000000028aa0 0000000000000100 T strrchr
0000000000028ba0 T _fini
00000000000291e0 0000000000000014 r CSWTCH.55
0000000000029278 0000000000000011 r digits.7817
0000000000029290 0000000000000038 r g_defaultSocketInitConfig
00000000000293a0 0000000000000060 r colorTable
0000000000029400 0000000000000086 r _error_code_map
0000000000029488 R default_font_bin
000000000002b488 R default_font_bin_end
000000000002b488 R default_font_bin_size
000000000002b4e0 0000000000000018 r error_table
000000000002b558 0000000000000023 r g_bq_InterfaceDescriptor
000000000002b6b8 0000000000000022 r basefix.6415
000000000002b868 0000000000000010 r blanks.6393
000000000002b878 0000000000000010 r zeroes.6394
000000000002b888 0000000000000101 R _ctype_
000000000002b9e0 00000000000000bc r a1
000000000002baa0 00000000000000bc r a2
000000000002bb60 000000000000005b r a3
000000000002bbc0 0000000000000070 r a6
000000000002bc30 00000000000000a2 r a7
000000000002bcd8 0000000000000040 r a8
000000000002bd18 000000000000172a r b02cf
000000000002d448 0000000000001a7c r d02f4
000000000002eec8 0000000000000028 R __mprec_bigtens
000000000002eef0 00000000000000c8 R __mprec_tens
000000000002efb8 000000000000000c r p05.5161
000000000002eff8 0000000000000014 r fpi.5241
000000000002f010 0000000000000014 r fpinan.5277
000000000002f028 0000000000000028 r tinytens
000000000002f050 000000000000006c R __action_table
000000000002f0c0 0000000000000100 R __chclass
000000000002f1c0 000000000000006c R __state_table
000000000002f378 0000000000000010 r blanks.6378
000000000002f388 0000000000000010 r zeroes.6379
000000000002f398 0000000000000100 R __hexdig
000000000002f4a0 0000000000000003 R DIRECTORY_PARENT
000000000002f4a8 r __EH_FRAME_BEGIN__
000000000002f4a8 R __eh_frame_hdr_end
000000000002f4a8 R __eh_frame_hdr_start
000000000003512c r __FRAME_END__
0000000000035130 a _DYNAMIC
0000000000038000 t __frame_dummy_init_array_entry
0000000000038000 T __init_array_start
0000000000038000 B __preinit_array_end
0000000000038000 B __preinit_array_start
0000000000038000 D __tdata_lma
0000000000038000 D __tdata_lma_end
0000000000038008 t __do_global_dtors_aux_fini_array_entry
0000000000038008 T __fini_array_start
0000000000038008 T __init_array_end
0000000000038010 T __fini_array_end
0000000000038010 T __got_start__
0000000000038010 a _GLOBAL_OFFSET_TABLE_
00000000000382e8 D __got_end__
00000000000382e8 0000000000000001 V __nx_applet_auto_notifyrunning
00000000000382ec 0000000000000004 V __nx_applet_type
00000000000382f0 00000000000000e0 d g_socketDevoptab
00000000000383d0 0000000000000001 d firstConsoleInit.5948
00000000000383d8 0000000000000058 d defaultConsole
0000000000038430 0000000000000008 d currentConsole
0000000000038438 00000000000000e0 d dotab_stdout
0000000000038518 0000000000000038 d s_consoleSwRenderer
0000000000038550 0000000000000008 d g_bsdClientPid
0000000000038558 0000000000000004 d g_gfxMode
0000000000038560 0000000000000054 d g_gfxQueueBufferData
00000000000385b8 000000000000016c d g_gfx_BufferInitData
0000000000038724 0000000000000004 D g_nvgfx_totalframebufs
0000000000038728 0000000000000401 d __cwd
0000000000038b2c 0000000000000004 d fsdev_fsdevice_cwd
0000000000038b30 0000000000000004 d fsdev_fsdevice_default
0000000000038b38 00000000000000e0 d fsdev_devoptab
0000000000038c18 0000000000000004 V __nx_nv_transfermem_size
0000000000038c1c 0000000000000004 V __nx_vi_stray_layer_flags
0000000000038c20 0000000000000004 d g_viServiceType
0000000000038c24 0000000000000004 d g_ctrl_fd
0000000000038c28 0000000000000008 D _impure_ptr
0000000000038c30 0000000000000768 d impure_data
0000000000039398 0000000000000008 D _global_impure_ptr
00000000000393a0 00000000000001a8 D __global_locale
0000000000039548 0000000000000008 D __malloc_sbrk_base
0000000000039550 0000000000000008 D __malloc_trim_threshold
0000000000039558 0000000000000810 D __malloc_av_
0000000000039d68 0000000000000008 D environ
0000000000039d70 0000000000000004 d defaultDevice
0000000000039d78 0000000000000080 D devoptab_list
0000000000039df8 00000000000000e0 D dotab_stdnull
0000000000039ed8 0000000000000400 d _current_working_directory
000000000003a2d8 0000000000000010 d __stderr_handle
000000000003a2e8 0000000000000010 d __stdin_handle
000000000003a2f8 0000000000000010 d __stdout_handle
000000000003a308 0000000000002000 d handles
000000000003c308 D __bss_start__
000000000003c308 D __TMC_END__
000000000003c308 b completed.7821
000000000003c310 b object.7826
000000000003c340 0000000000000008 V __nx_applet_PerformanceConfiguration
000000000003c348 0000000000000004 V __nx_applet_exit_mode
000000000003c34c 0000000000000001 b g_appletExitProcessFlag
000000000003c350 0000000000000018 b g_appletFirstHook
000000000003c368 0000000000000001 b g_appletFocusState
000000000003c370 000000000000000c b g_appletIApplicationCreator
000000000003c380 000000000000000c b g_appletIAudioController
000000000003c390 000000000000000c b g_appletICommonStateGetter
000000000003c3a0 000000000000000c b g_appletIDebugFunctions
000000000003c3b0 000000000000000c b g_appletIDisplayController
000000000003c3c0 000000000000000c b g_appletIFunctions
000000000003c3d0 000000000000000c b g_appletIGlobalStateController
000000000003c3e0 000000000000000c b g_appletILibraryAppletCreator
000000000003c3f0 000000000000000c b g_appletILibraryAppletSelfAccessor
000000000003c400 000000000000000c b g_appletIProcessWindingController
000000000003c410 000000000000000c b g_appletISelfController
000000000003c420 000000000000000c b g_appletIWindowController
000000000003c430 000000000000000c b g_appletMessageEvent
000000000003c43c 0000000000000001 b g_appletNotifiedRunning
000000000003c43d 0000000000000001 b g_appletOperationMode
000000000003c440 0000000000000004 b g_appletPerformanceMode
000000000003c448 000000000000000c b g_appletProxySession
000000000003c454 0000000000000004 b g_appletRecordingInitialized
000000000003c458 0000000000000028 b g_appletRecordingTmem
000000000003c480 0000000000000008 b g_appletResourceUserId
000000000003c488 000000000000000c b g_appletSrv
000000000003c498 0000000000000008 b g_refCnt
000000000003c4a0 0000000000000050 b g_controllerDown
000000000003c4f0 00000000000001e0 b g_controllerEntries
000000000003c6d0 0000000000000190 b g_controllerHeaders
000000000003c860 0000000000000050 b g_controllerHeld
000000000003c8b0 0000000000000028 b g_controllerLayout
000000000003c8d8 0000000000000050 b g_controllerOld
000000000003c928 0000000000000004 b g_controllerP1AutoID
000000000003c930 0000000000000050 b g_controllerTimestamps
000000000003c980 0000000000000050 b g_controllerUp
000000000003c9d0 000000000000000c b g_hidIAppletResource
000000000003c9e0 0000000000000020 b g_hidLock
000000000003ca00 0000000000000020 b g_hidSharedmem
000000000003ca20 000000000000000c b g_hidSrv
000000000003ca30 0000000000000020 b g_keyboardDown
000000000003ca50 0000000000000038 b g_keyboardEntry
000000000003ca88 0000000000000020 b g_keyboardHeld
000000000003caa8 0000000000000008 b g_keyboardModDown
000000000003cab0 0000000000000008 b g_keyboardModHeld
000000000003cab8 0000000000000008 b g_keyboardModOld
000000000003cac0 0000000000000008 b g_keyboardModUp
000000000003cac8 0000000000000020 b g_keyboardOld
000000000003cae8 0000000000000008 b g_keyboardTimestamp
000000000003caf0 0000000000000020 b g_keyboardUp
000000000003cb10 0000000000000008 b g_mouseDown
000000000003cb18 0000000000000030 b g_mouseEntry
000000000003cb48 0000000000000008 b g_mouseHeld
000000000003cb50 0000000000000008 b g_mouseOld
000000000003cb58 0000000000000008 b g_mouseTimestamp
000000000003cb60 0000000000000008 b g_mouseUp
000000000003cb68 0000000000000008 b g_refCnt
000000000003cb70 000000000000000a b g_sixaxisEnabled
000000000003cb80 0000000000004650 b g_sixaxisLayouts
00000000000411d0 0000000000000298 b g_touchEntry
0000000000041468 0000000000000008 b g_touchTimestamp
0000000000041470 000000000000000c b g_apmISession
0000000000041480 000000000000000c b g_apmSrv
0000000000041490 0000000000000008 b g_refCnt
0000000000041498 0000000000000008 b g_refCnt
00000000000414a0 0000000000000004 b g_smHandle
00000000000414a8 0000000000000200 b g_smOverrides
00000000000416a8 0000000000000008 b g_smOverridesNum
00000000000416b0 0000000000000001 b g_hasRandomSeed
00000000000416b1 0000000000000001 b g_isNso
00000000000416b4 0000000000000004 b g_lastLoadResult
00000000000416b8 0000000000000008 b g_loaderRetAddr
00000000000416c0 0000000000000004 b g_mainThreadHandle
00000000000416c8 0000000000000008 b g_nextLoadArgv
00000000000416d0 0000000000000008 b g_nextLoadPath
00000000000416d8 0000000000000008 b g_overrideArgv
00000000000416e0 0000000000000008 b g_overrideHeapAddr
00000000000416e8 0000000000000008 b g_overrideHeapSize
00000000000416f0 0000000000000004 b g_processHandle
00000000000416f8 0000000000000010 b g_randomSeed
0000000000041708 0000000000000010 b g_syscallHints
0000000000041718 0000000000000018 b g_sfdnsresConfig
0000000000041730 0000000000000058 b currentCopy
0000000000041788 0000000000000001 b g_HasCached
0000000000041789 0000000000000001 b g_IsAbove200
000000000004178a 0000000000000001 b g_IsAbove300
000000000004178b 0000000000000001 b g_IsAbove400
000000000004178c 0000000000000001 b g_IsAbove500
000000000004178d 0000000000000001 b g_IsAbove600
0000000000041790 0000000000000004 b g_Mutex
0000000000041798 0000000000000010 b g_AddressSpace
00000000000417a8 0000000000000008 b g_CurrentAddr
00000000000417b0 0000000000000030 b g_Region
00000000000417e0 0000000000000004 b g_VirtMemMutex
00000000000417e8 000000000000000c b g_bsdMonitor
00000000000417f8 000000000000000c b g_bsdSrv
0000000000041808 0000000000000008 b g_bsdSrvIpcBufferSize
0000000000041810 0000000000000028 b g_bsdTmem
0000000000041838 000000000000000c b g_nifmIGS
0000000000041848 000000000000000c b g_nifmSrv
0000000000041858 0000000000000008 b g_refCnt
0000000000041860 000000000000000c b g_gfxBinderEvent
0000000000041870 0000000000000010 b g_gfxBinderSession
0000000000041880 0000000000000004 b g_gfxCurrentBuffer
0000000000041884 0000000000000004 b g_gfxCurrentProducerBuffer
0000000000041888 0000000000000050 b g_gfxDisplay
00000000000418d8 000000000000000c b g_gfxDisplayVsyncEvent
00000000000418e8 0000000000000008 b g_gfxFramebuf
00000000000418f0 0000000000000004 b g_gfxFramebufHandle
00000000000418f8 0000000000000008 b g_gfxFramebufLinear
0000000000041900 0000000000000008 b g_gfxFramebufSize
0000000000041908 0000000000000001 b g_gfxInitialized
0000000000041910 0000000000000010 b g_gfxLayer
0000000000041920 0000000000000010 b g_gfx_Connect_QueueBufferOutput
0000000000041930 0000000000000001 b g_gfx_ProducerConnected
0000000000041934 0000000000000004 b g_gfx_ProducerSlotsRequested
0000000000041938 0000000000000010 b g_gfx_QueueBuffer_QueueBufferOutput
0000000000041948 0000000000000018 b g_gfx_autoresolution_applethookcookie
0000000000041960 0000000000000004 b g_gfx_autoresolution_docked_height
0000000000041964 0000000000000004 b g_gfx_autoresolution_docked_width
0000000000041968 0000000000000001 b g_gfx_autoresolution_enabled
000000000004196c 0000000000000004 b g_gfx_autoresolution_handheld_height
0000000000041970 0000000000000004 b g_gfx_autoresolution_handheld_width
0000000000041978 0000000000000008 B g_gfx_framebuf_aligned_height
0000000000041980 0000000000000008 B g_gfx_framebuf_aligned_width
0000000000041988 0000000000000008 B g_gfx_framebuf_display_height
0000000000041990 0000000000000008 B g_gfx_framebuf_display_width
0000000000041998 0000000000000008 B g_gfx_framebuf_height
00000000000419a0 0000000000000008 B g_gfx_framebuf_width
00000000000419a8 0000000000000008 B g_gfx_singleframebuf_linear_size
00000000000419b0 0000000000000008 B g_gfx_singleframebuf_size
00000000000419b8 0000000000000001 b g_nvgfxInitialized
00000000000419bc 0000000000000004 b g_nvgfx_fd_nvmap
00000000000419c0 0000000000000018 b nvmap_fb_obj
00000000000419d8 0000000000000008 V __nx_heap_size
00000000000419e0 0000000000000008 b __bootticks
00000000000419e8 0000000000000008 b __boottime
00000000000419f0 0000000000000004 V __nx_time_type
00000000000419f8 0000000000000008 b g_argv_empty
0000000000041a00 0000000000002300 b fsdev_fsdevices
0000000000043d00 0000000000000001 b fsdev_initialised
0000000000043d08 0000000000000008 b g_nvIpcBufferSize
0000000000043d10 000000000000000c b g_nvSrv
0000000000043d20 000000000000000c b g_nvSrvClone
0000000000043d30 0000000000000028 b g_nvTransfermem
0000000000043d58 0000000000000008 b g_refCnt
0000000000043d60 0000000000000008 b g_refCnt
0000000000043d68 000000000000000c b g_timeLocalSystemClock
0000000000043d78 000000000000000c b g_timeNetworkSystemClock
0000000000043d88 000000000000000c b g_timeSrv
0000000000043d98 000000000000000c b g_timeTimeZoneService
0000000000043da8 000000000000000c b g_timeUserSystemClock
0000000000043db8 0000000000000008 V __nx_vi_layer_id
0000000000043dc0 000000000000000c b g_viIApplicationDisplayService
0000000000043dd0 000000000000000c b g_viIHOSBinderDriverIndirect
0000000000043de0 000000000000000c b g_viIHOSBinderDriverRelay
0000000000043df0 000000000000000c b g_viIManagerDisplayService
0000000000043e00 000000000000000c b g_viISystemDisplayService
0000000000043e10 000000000000000c b g_fsSrv
0000000000043e20 0000000000000008 b g_refCnt
0000000000043e28 0000000000000008 b g_NvEventUsedMask
0000000000043e30 0000000000000300 b g_NvEvents
0000000000044130 0000000000000008 b g_refCnt
0000000000044138 0000000000000028 B __malloc_current_mallinfo
0000000000044160 0000000000000008 B __malloc_max_sbrked_mem
0000000000044168 0000000000000008 B __malloc_max_total_mem
0000000000044170 0000000000000008 B __malloc_top_pad
0000000000044178 000000000000000c b __malloc_recursive_mutex
0000000000044184 0000000000000004 b alloced.4037
0000000000044188 000000000000000c B __atexit_recursive_mutex
0000000000044198 0000000000000008 b initial_env
00000000000441a0 000000000000000c b __env_recursive_mutex
00000000000441b0 000000000000000c b __sfp_recursive_mutex
00000000000441c0 000000000000000c b __sinit_recursive_mutex
00000000000441d0 0000000000000008 b heap_start.5228
00000000000441d8 0000000000000008 B fake_heap_end
00000000000441e0 0000000000000008 B fake_heap_start
00000000000441e8 0000000000000400 b temp_cwd
00000000000445e8 0000000000000090 B __syscalls
0000000000044678 0000000000000004 b __hndl_lock
0000000000044680 0000000000000008 B joystickRight
0000000000044688 0000000000000010 B ipAddress
0000000000044698 0000000000000005 B data
00000000000446a0 0000000000000008 B joystickLeft
00000000000446a8 0000000000000008 B __stack_top
00000000000446b0 0000000000000008 B __system_argv
00000000000446b8 0000000000000004 B __system_argc
00000000000446c0 0000000000000004 B __nxlink_host
00000000000446c8 B __tls_start
0000000000048ae0 B __bss_end__
0000000000048ae0 A __end__
0000000000048ae0 B __tls_end
0000000000049000 A __argdata__
