0000000000000000 A __start__
0000000000000000 T _start
0000000000000000 b _TLS_MODULE_BASE_
0000000000000000 0000000000000004 b g_sfdnsresResult
0000000000000004 0000000000000004 B h_errno
0000000000000008 0000000000000004 B g_bsdErrno
000000000000000c 0000000000000004 B g_bsdResult
0000000000000010 0000000000000401 b __fixedpath
0000000000000080 t startup
00000000000000a4 t bssclr_start
00000000000000cc t bss_loop
0000000000000120 T __nx_exit
0000000000000130 T __nx_mod0
0000000000000150 T _init
00000000000001c0 0000000000000038 T exit
0000000000000200 0000000000000938 T main
0000000000000418 0000000000002000 b tmp_buffer.7030
0000000000000b38 t deregister_tm_clones
0000000000000b68 t register_tm_clones
0000000000000ba0 t __do_global_dtors_aux
0000000000000be8 t frame_dummy
0000000000000c20 00000000000001d0 T broadcast
0000000000000df0 000000000000022c t ipcParse
0000000000001020 0000000000000034 t ipcCloseObjectById
0000000000001060 00000000000001d8 t _appletGetSession
0000000000001240 000000000000019c t _appletReceiveMessage
00000000000013e0 000000000000018c t _appletGetPerformanceMode.constprop.35
0000000000001570 0000000000000164 t _appletSetOperationModeChangedNotification.constprop.37
00000000000016e0 0000000000000164 t _appletSetPerformanceModeChangedNotification.constprop.38
0000000000001850 000000000000016c t _appletSetOutOfFocusSuspendingEnabled
00000000000019c0 0000000000000178 t _appletGetHandle.constprop.33
0000000000001b40 0000000000000054 t _appletGetEvent.constprop.32
0000000000001ba0 000000000000017c t _appletSetFocusHandlingMode
0000000000001d20 00000000000001f0 t _appletGetSessionProxy.constprop.31
0000000000001f10 00000000000000c4 t ipcConvertSessionToDomain
0000000000001fe0 000000000000010c t ipcCloneSession.constprop.42
00000000000020f0 0000000000000384 t _appletCmdNoIO
0000000000002418 0000000000002000 b tmp_buffer.7054
0000000000002480 0000000000000394 t _appletCmdNoInOut64
0000000000002820 00000000000003ac t _appletGetCurrentFocusState.constprop.36
0000000000002bd0 00000000000003ac t _appletGetOperationMode.constprop.34
0000000000002f80 0000000000000010 T appletGetAppletType
0000000000002f90 00000000000000ec T appletSetFocusHandlingMode
0000000000003080 0000000000000028 T appletGetAppletResourceUserId
00000000000030b0 00000000000001b0 T appletNotifyRunning
0000000000003260 00000000000001a8 T appletSetGamePlayRecordingState
0000000000003410 000000000000069c T appletExit
0000000000003ab0 00000000000004f0 T appletInitialize
0000000000003fa0 0000000000000010 t _appletExitProcess
0000000000003fb0 0000000000000014 T appletCreateManagedDisplayLayer
0000000000003fd0 000000000000017c T appletMainLoop
0000000000004150 0000000000000034 t ipcCloseObjectById
0000000000004190 0000000000000124 t _hidGetSharedMemoryHandle.constprop.10
00000000000042c0 0000000000000134 t _hidCreateAppletResource.constprop.9
0000000000004400 0000000000000100 t _hidCmdWithNoInput
0000000000004500 000000000000010c t _hidCmdWithInputU32
0000000000004610 0000000000000108 t _hidCmdWithInputU64.constprop.11
0000000000004720 00000000000001d0 T hidReset
00000000000048f0 000000000000000c T hidGetSharedmemAddr
0000000000004900 000000000000006c T hidKeysHeld
0000000000004970 000000000000006c T hidKeysDown
00000000000049e0 000000000000000c T hidTouchCount
00000000000049f0 0000000000000560 T hidScanInput
0000000000004f50 00000000000000ac T hidJoystickRead
0000000000005000 0000000000000198 T hidSetSupportedNpadIdType
00000000000051a0 000000000000000c T hidSetSupportedNpadStyleSet
00000000000051b0 0000000000000008 T hidSetNpadJoyHoldType
00000000000051c0 000000000000000c T hidSetNpadJoyAssignmentModeDual
00000000000051d0 000000000000012c T hidExit
0000000000005300 0000000000000168 T hidInitialize
0000000000005470 00000000000001a0 T pcvSetClockRate
0000000000005610 0000000000000034 t ipcCloseObjectById
0000000000005650 0000000000000124 t _apmGetSession.constprop.4
0000000000005780 00000000000000f0 T apmExit
0000000000005870 000000000000008c T apmInitialize
0000000000005900 00000000000000cc T apmSetPerformanceConfiguration
00000000000059d0 0000000000000044 T smAddOverrideHandle
0000000000005a20 0000000000000060 T smGetServiceOverride
0000000000005a80 0000000000000014 T smHasInitialized
0000000000005aa0 000000000000005c T smExit
0000000000005b00 0000000000000038 T smEncodeName
0000000000005b40 000000000000012c T smGetServiceOriginal
0000000000005c70 0000000000000158 T smInitialize
0000000000005dd0 0000000000000074 T smGetService
0000000000005e50 0000000000000140 t _fatalImpl
0000000000005f90 0000000000000014 T fatalWithType
0000000000005fb0 0000000000000014 T fatalSimple
0000000000005fd0 0000000000000208 T envSetup
00000000000061e0 0000000000000020 T envGetMainThreadHandle
0000000000006200 000000000000000c T envIsNso
0000000000006210 0000000000000014 T envHasHeapOverride
0000000000006230 000000000000000c T envGetHeapOverrideAddr
0000000000006240 000000000000000c T envGetHeapOverrideSize
0000000000006250 0000000000000014 T envHasArgv
0000000000006270 000000000000000c T envGetArgv
0000000000006280 000000000000000c T envGetExitFuncPtr
0000000000006290 000000000000000c T envSetExitFuncPtr
00000000000062a0 0000000000000240 t _socketInetAtonDetail
00000000000064e0 00000000000000a8 t _socketParseBsdResult.part.0
0000000000006590 0000000000000048 t _socketRead
00000000000065e0 0000000000000048 t _socketWrite
0000000000006630 000000000000003c t _socketClose
0000000000006670 000000000000007c t _socketOpen
00000000000066f0 0000000000000110 t inet_ntop4
0000000000006800 0000000000000080 t _socketGetFd
0000000000006880 0000000000000250 t _socketDeserializeHostent.constprop.8
0000000000006ad0 000000000000000c T socketGetDefaultInitConfig
0000000000006ae0 0000000000000020 T socketExit
0000000000006b00 0000000000000108 T socketInitialize
0000000000006c10 00000000000000a4 T socket
0000000000006cc0 0000000000000058 T recvfrom
0000000000006d20 0000000000000058 T sendto
0000000000006d80 000000000000005c T setsockopt
0000000000006de0 0000000000000378 T inet_ntop
0000000000007160 0000000000000024 T inet_aton
0000000000007190 0000000000000190 T gethostbyname
0000000000007320 0000000000000044 t consoleDrawChar
0000000000007370 0000000000000140 t consoleClearLine
00000000000074b0 000000000000004c t consoleNewRow
0000000000007500 0000000000000118 t consolePrintChar
0000000000007620 000000000000015c t consoleCls
0000000000007780 00000000000007e0 t con_write
0000000000007f60 000000000000011c T consoleInit
0000000000008080 0000000000000048 T consoleExit
00000000000080d0 0000000000000028 T consoleUpdate
0000000000008100 0000000000000070 t ConsoleSwRenderer_flushAndSwap
0000000000008170 00000000000000c4 t ConsoleSwRenderer_scrollWindow
0000000000008240 0000000000000188 t ConsoleSwRenderer_drawChar
00000000000083d0 000000000000003c t ConsoleSwRenderer_deinit
0000000000008410 00000000000000f4 t ConsoleSwRenderer_init
0000000000008510 000000000000000c W getDefaultConsoleRenderer
0000000000008520 0000000000000030 T _convert_errno
0000000000008550 T svcSetHeapSize
0000000000008564 T svcSetMemoryAttribute
000000000000856c T svcUnmapMemory
0000000000008574 T svcQueryMemory
0000000000008588 T svcExitProcess
0000000000008590 T svcSleepThread
0000000000008598 T svcMapSharedMemory
00000000000085a0 T svcUnmapSharedMemory
00000000000085a8 T svcCreateTransferMemory
00000000000085bc T svcCloseHandle
00000000000085c4 T svcResetSignal
00000000000085cc T svcWaitSynchronization
00000000000085e0 T svcArbitrateLock
00000000000085e8 T svcArbitrateUnlock
00000000000085f0 T svcConnectToNamedPort
0000000000008604 T svcSendSyncRequest
000000000000860c T svcBreak
0000000000008614 T svcReturnFromException
000000000000861c T svcGetInfo
0000000000008630 T svcUnmapTransferMemory
0000000000008638 T __aarch64_read_tp
0000000000008650 0000000000000180 t _CacheValues
00000000000087d0 000000000000001c T kernelAbove200
00000000000087f0 000000000000001c T kernelAbove300
0000000000008810 0000000000000030 T detectDebugger
0000000000008840 00000000000000a8 T tmemCreate
00000000000088f0 0000000000000058 T tmemUnmap
0000000000008950 0000000000000068 T tmemClose
00000000000089c0 0000000000000104 t _waitLoop
0000000000008ad0 0000000000000334 t _waitObjectsImpl
0000000000008e10 000000000000000c T waitObjects
0000000000008e20 000000000000004c T rwlockReadLock
0000000000008e70 000000000000004c T rwlockReadUnlock
0000000000008ec0 0000000000000008 T rwlockWriteLock
0000000000008ed0 0000000000000008 T rwlockWriteUnlock
0000000000008ee0 000000000000008c T mutexLock
0000000000008f70 0000000000000030 T mutexUnlock
0000000000008fa0 000000000000004c T rmutexLock
0000000000008ff0 000000000000001c T rmutexUnlock
0000000000009010 0000000000000014 T shmemLoadRemote
0000000000009030 0000000000000084 T shmemMap
00000000000090c0 0000000000000058 T shmemUnmap
0000000000009120 0000000000000044 T shmemClose
0000000000009170 000000000000007c t _GetRegionFromInfo.isra.1
00000000000091f0 0000000000000114 T virtmemSetup
0000000000009310 000000000000013c T virtmemReserve
0000000000009450 0000000000000004 T virtmemFree
0000000000009460 000000000000000c T eventLoadRemote
0000000000009470 0000000000000038 T eventWait
00000000000094b0 0000000000000050 T eventClose
0000000000009500 0000000000000034 t ipcCloseObjectById
0000000000009540 000000000000050c t _sfdnsresDispatchCommand
0000000000009a50 000000000000006c t _sfdnsresDispatchDnsRequest.constprop.4
0000000000009ac0 00000000000000bc T sfdnsresGetHostByName
0000000000009b80 0000000000000034 t ipcCloseObjectById
0000000000009bc0 0000000000000120 t _bsdRegisterClient.isra.5.constprop.11
0000000000009ce0 0000000000000308 t _bsdDispatchBasicCommand.isra.6
0000000000009ff0 0000000000000044 t _bsdSocketCreationCommand
000000000000a040 0000000000000044 t _bsdDispatchCommandWithOutAddrlen.isra.7
000000000000a090 00000000000000c8 t ipcQueryPointerBufferSize.constprop.10
000000000000a160 00000000000000f8 t _bsdStartMonitor.constprop.9
000000000000a260 00000000000000f0 T bsdExit
000000000000a350 000000000000014c T bsdInitialize
000000000000a4a0 0000000000000014 T bsdSocket
000000000000a4c0 00000000000000c4 T bsdOpen
000000000000a590 0000000000000198 T bsdRecvFrom
000000000000a730 00000000000001b0 T bsdSendTo
000000000000a8e0 00000000000000ac T bsdSetSockOpt
000000000000a990 00000000000000bc T bsdWrite
000000000000aa50 00000000000000fc T bsdRead
000000000000ab50 0000000000000040 T bsdClose
000000000000ab90 0000000000000034 t ipcCloseObjectById
000000000000abd0 00000000000000c4 t ipcConvertSessionToDomain
000000000000aca0 000000000000010c t ipcCloneSession.constprop.14
000000000000adb0 000000000000028c t _nifmCreateGeneralService.constprop.11
000000000000b040 000000000000028c t _nifmCreateGeneralServiceOld.constprop.12
000000000000b2d0 00000000000000f0 T nifmExit
000000000000b3c0 00000000000000d4 T nifmInitialize
000000000000b4a0 000000000000000c T nwindowGetDefault
000000000000b4b0 00000000000000c8 T __nx_win_init
000000000000b580 0000000000000034 T __nx_win_exit
000000000000b5c0 0000000000000080 T framebufferMakeLinear
000000000000b640 0000000000000078 T framebufferClose
000000000000b6c0 0000000000000298 T framebufferCreate
000000000000b960 0000000000000080 T framebufferBegin
000000000000b9e0 000000000000017c T framebufferEnd
000000000000bb60 0000000000000054 t _nwindowConnect
000000000000bbc0 0000000000000040 t _nwindowDisconnect
000000000000bc00 0000000000000024 T nwindowIsValid
000000000000bc30 000000000000006c T nwindowClose
000000000000bca0 00000000000000c4 T nwindowCreate
000000000000bd70 000000000000000c T nwindowCreateFromLayer
000000000000bd80 0000000000000088 T nwindowSetDimensions
000000000000be10 0000000000000154 T nwindowConfigureBuffer
000000000000bf70 00000000000001e4 T nwindowDequeueBuffer
000000000000c160 0000000000000144 T nwindowQueueBuffer
000000000000c2b0 00000000000000ac T nwindowReleaseBuffers
000000000000c360 00000000000000a0 T __nx_dynamic
000000000000c400 00000000000000d8 W __libnx_initheap
000000000000c4e0 00000000000000a0 W __appInit
000000000000c580 0000000000000044 W __appExit
000000000000c5d0 0000000000000028 W __libnx_init
000000000000c600 0000000000000020 W __libnx_exit
000000000000c620 0000000000000008 t mutexInit
000000000000c630 000000000000000c t rmutexInit
000000000000c640 000000000000008c T __libnx_gtod
000000000000c6d0 0000000000000020 T __libnx_clock_settime
000000000000c6f0 0000000000000028 T __libnx_nanosleep
000000000000c720 0000000000000034 t __libnx_get_reent
000000000000c760 00000000000000f8 T __libnx_clock_gettime
000000000000c860 0000000000000058 T __libnx_clock_getres
000000000000c8c0 000000000000027c T __libnx_init_time
000000000000cb40 0000000000000118 T newlibSetup
000000000000cc60 0000000000000368 T argvSetup
000000000000cfd0 0000000000000010 t fsdev_link
000000000000cfe0 0000000000000010 t fsdev_dirreset
000000000000cff0 0000000000000010 t fsdev_chmod
000000000000d000 000000000000001c t error_cmp
000000000000d020 0000000000000058 t fsdev_translate_error
000000000000d080 0000000000000040 t fsdev_fsync
000000000000d0c0 0000000000000060 t fsdev_ftruncate
000000000000d120 0000000000000020 t fsdev_dirclose
000000000000d140 000000000000016c t fsdev_dirnext
000000000000d2b0 000000000000001c t fsdev_close
000000000000d2d0 00000000000000a4 t fsdev_fstat
000000000000d380 00000000000000b0 t fsdev_seek
000000000000d430 0000000000000198 t fsdev_read
000000000000d5d0 00000000000001a0 t fsdev_write
000000000000d770 0000000000000120 t fsdevFindDevice
000000000000d890 0000000000000168 t _fsdevMountDevice
000000000000da00 00000000000001fc t fsdev_getfspath
000000000000dc00 0000000000000070 t fsdev_rmdir
000000000000dc70 00000000000000d4 t fsdev_statvfs
000000000000dd50 00000000000000ec t fsdev_diropen
000000000000de40 0000000000000070 t fsdev_mkdir
000000000000deb0 0000000000000114 t fsdev_rename
000000000000dfd0 00000000000000e8 t fsdev_chdir
000000000000e0c0 0000000000000070 t fsdev_unlink
000000000000e130 00000000000001bc t fsdev_stat
000000000000e2f0 000000000000019c t fsdev_open
000000000000e490 00000000000000b8 t _fsdevUnmountDeviceStruct.part.4
000000000000e550 0000000000000010 t fsdev_fchmod
000000000000e560 0000000000000158 T fsdevMountSdmc
000000000000e6c0 0000000000000064 T fsdevUnmountAll
000000000000e730 000000000000012c T decode_utf8
000000000000e85c T armDCacheFlush
000000000000e880 t armDCacheFlush_L0
000000000000e898 W __libnx_exception_entry
000000000000e924 t __libnx_exception_entry_start
000000000000ea4c t __libnx_exception_entry_abort
000000000000ea50 t __libnx_exception_entry_end
000000000000ea58 T __libnx_exception_returnentry
000000000000ea70 0000000000000034 t ipcCloseObjectById
000000000000eab0 000000000000012c t _timeGetSession
000000000000ebe0 00000000000001ec T timeExit
000000000000edd0 00000000000000d8 T timeInitialize
000000000000eeb0 0000000000000124 T timeGetCurrentTime
000000000000efe0 0000000000000118 T timeToCalendarTimeWithMyRule
000000000000f100 0000000000000034 t ipcCloseObjectById
000000000000f140 0000000000000134 t _viGetSession.constprop.7
000000000000f280 00000000000001e4 T viExit
000000000000f470 00000000000002d4 T viInitialize
000000000000f750 000000000000000c T viGetSession_IHOSBinderDriverRelay
000000000000f760 0000000000000140 T viOpenDisplay
000000000000f8a0 0000000000000104 T viCloseDisplay
000000000000f9b0 0000000000000104 T viCloseLayer
000000000000fac0 0000000000000334 T viCreateLayer
000000000000fe00 00000000000000e8 T viSetLayerScalingMode
000000000000fef0 0000000000000220 t ipcPrepareHeader
0000000000010110 000000000000022c t ipcParse
0000000000010340 00000000000000b0 t serviceIpcParse
00000000000103f0 0000000000000034 t ipcCloseObjectById
0000000000010430 0000000000000200 T fsInitialize
0000000000010630 000000000000009c T fsExit
00000000000106d0 000000000000013c T fsMountSdcard
0000000000010810 0000000000000120 T fsFsCreateFile
0000000000010930 0000000000000118 T fsFsDeleteFile
0000000000010a50 0000000000000118 T fsFsCreateDirectory
0000000000010b70 0000000000000118 T fsFsDeleteDirectory
0000000000010c90 0000000000000190 T fsFsRenameFile
0000000000010e20 0000000000000190 T fsFsRenameDirectory
0000000000010fb0 000000000000012c T fsFsGetEntryType
00000000000110e0 0000000000000150 T fsFsOpenFile
0000000000011230 0000000000000150 T fsFsOpenDirectory
0000000000011380 000000000000012c T fsFsGetFreeSpace
00000000000114b0 000000000000012c T fsFsGetTotalSpace
00000000000115e0 0000000000000190 T fsFsGetFileTimeStampRaw
0000000000011770 000000000000006c T fsFsClose
00000000000117e0 0000000000000170 T fsFileRead
0000000000011950 000000000000010c T fsFileWrite
0000000000011a60 00000000000000e8 T fsFileFlush
0000000000011b50 00000000000000f0 T fsFileSetSize
0000000000011c40 0000000000000100 T fsFileGetSize
0000000000011d40 000000000000006c T fsFileClose
0000000000011db0 000000000000006c T fsDirClose
0000000000011e20 000000000000016c T fsDirRead
0000000000011f90 0000000000000034 t ipcCloseObjectById
0000000000011fd0 00000000000000c8 t ipcQueryPointerBufferSize.constprop.10
00000000000120a0 000000000000010c t ipcCloneSession.constprop.9
00000000000121b0 00000000000000d8 t _nvSetClientPID
0000000000012290 00000000000000f0 t _nvInitialize.constprop.8
0000000000012380 0000000000000100 T nvExit
0000000000012480 0000000000000184 T nvInitialize
0000000000012610 000000000000012c T nvConvertError
0000000000012740 000000000000012c T nvOpen
0000000000012870 0000000000000270 T nvIoctl
0000000000012ae0 00000000000000dc T nvClose
0000000000012bc0 000000000000015c T nvQueryEvent
0000000000012d20 0000000000000060 t _nvFenceEventWaitCommon
0000000000012d80 000000000000005c T nvFenceInit
0000000000012de0 0000000000000098 T nvFenceExit
0000000000012e80 00000000000001e0 T nvFenceWait
0000000000013060 000000000000007c T nvMultiFenceWait
00000000000130e0 000000000000006c T nvMapInit
0000000000013150 0000000000000068 T nvMapExit
00000000000131c0 0000000000000084 T nvMapClose
0000000000013250 0000000000000150 T nvMapCreate
00000000000133a0 0000000000000024 T nvioctlNvhostCtrl_EventSignal
00000000000133d0 000000000000003c T nvioctlNvhostCtrl_EventWait
0000000000013410 0000000000000028 T nvioctlNvhostCtrl_EventWaitAsync
0000000000013440 0000000000000024 T nvioctlNvhostCtrl_EventRegister
0000000000013470 0000000000000024 T nvioctlNvhostCtrl_EventUnregister
00000000000134a0 000000000000003c T nvioctlNvmap_Create
00000000000134e0 0000000000000030 T nvioctlNvmap_Alloc
0000000000013510 0000000000000030 T nvioctlNvmap_Free
0000000000013540 000000000000003c T nvioctlNvmap_GetId
0000000000013580 00000000000000e8 T bqRequestBuffer
0000000000013670 0000000000000154 T bqDequeueBuffer
00000000000137d0 000000000000009c T bqDetachBuffer
0000000000013870 00000000000000e0 T bqQueueBuffer
0000000000013950 0000000000000090 T bqCancelBuffer
00000000000139e0 00000000000000e4 T bqConnect
0000000000013ad0 000000000000009c T bqDisconnect
0000000000013b70 0000000000000178 T bqSetPreallocatedBuffer
0000000000013cf0 0000000000000248 t _binderTransactParcelAuto
0000000000013f40 00000000000000c8 t ipcQueryPointerBufferSize
0000000000014010 0000000000000138 t _binderTransactParcel
0000000000014150 0000000000000014 T binderCreate
0000000000014170 0000000000000010 T binderTransactParcel
0000000000014180 0000000000000124 T binderConvertErrorCode
00000000000142b0 00000000000000e8 T binderAdjustRefcount
00000000000143a0 0000000000000074 T binderClose
0000000000014420 00000000000000c4 T binderInitSession
00000000000144f0 0000000000000144 T binderGetNativeHandle
0000000000014640 0000000000000028 T parcelCreate
0000000000014670 000000000000019c T parcelTransact
0000000000014810 0000000000000088 T parcelWriteData
00000000000148a0 0000000000000098 T parcelReadData
0000000000014940 0000000000000020 T parcelWriteInt32
0000000000014960 0000000000000020 T parcelWriteUInt32
0000000000014980 0000000000000080 T parcelWriteString16
0000000000014a00 0000000000000030 T parcelWriteInterfaceToken
0000000000014a30 0000000000000024 T parcelReadInt32
0000000000014a60 0000000000000068 T parcelReadFlattenedObject
0000000000014ad0 0000000000000044 T parcelWriteFlattenedObject
0000000000014b20 00000000000000c4 T nxlinkSetup
0000000000014be8 0000000000000038 T aligned_alloc
0000000000014c20 000000000000001c T atoi
0000000000014c40 00000000000000b8 T bsearch
0000000000014cf8 0000000000000030 T calloc
0000000000014d28 0000000000000094 T _calloc_r
0000000000014dc0 0000000000000014 T __errno
0000000000014dd8 0000000000000044 T __libc_fini_array
0000000000014e20 00000000000000e0 T _fwrite_r
0000000000014f00 0000000000000040 T fwrite
0000000000014f40 000000000000008c T __libc_init_array
0000000000014fd0 000000000000002c T __locale_mb_cur_max
0000000000015000 0000000000000008 T __locale_ctype_ptr_l
0000000000015008 000000000000002c T __locale_ctype_ptr
0000000000015038 0000000000000030 T memalign
0000000000015068 0000000000000198 T _memalign_r
0000000000015200 000000000000001c T malloc
0000000000015220 000000000000001c T free
0000000000015240 0000000000000844 T _malloc_r
0000000000015a88 00000000000002c8 T __utf8_mbtowc
0000000000015d50 00000000000000d8 T memchr
0000000000015e40 000000000000016c T memcpy
0000000000015fc0 00000000000001d8 T memset
0000000000016198 000000000000000c T __malloc_lock
00000000000161a8 000000000000000c T __malloc_unlock
00000000000161b8 000000000000008c T printf
0000000000016248 00000000000000d4 T _puts_r
0000000000016320 000000000000001c T puts
0000000000016340 000000000000003c T setenv
0000000000016380 0000000000000264 T _setenv_r
00000000000165e8 000000000000025c T setvbuf
0000000000016848 00000000000000a8 T sprintf
00000000000168f0 00000000000000bc T sscanf
00000000000169b0 0000000000000050 T __sread
0000000000016a00 0000000000000008 T __seofread
0000000000016a08 000000000000006c T __swrite
0000000000016a78 0000000000000050 T __sseek
0000000000016ac8 0000000000000008 T __sclose
0000000000016ad0 00000000000000dc T strchr
0000000000016bc0 00000000000000a4 T strcmp
0000000000016c80 00000000000001b8 T strcpy
0000000000016e40 0000000000000140 T strlen
0000000000016f80 0000000000000084 T strncat
000000000001705c 0000000000000108 T strncmp
0000000000017168 00000000000000a8 T strncpy
0000000000017264 00000000000000e0 T strnlen
0000000000017320 00000000000001d0 t _strtol_l.isra.0
00000000000174f0 0000000000000048 T _strtol_r
0000000000017538 000000000000005c T strtol
0000000000017598 00000000000001e0 t _strtoul_l.isra.0
0000000000017778 0000000000000048 T _strtoul_r
00000000000177c0 000000000000005c T strtoul
000000000001781c 000000000000076c t get_arg
0000000000017f88 0000000000003b44 T _svfprintf_r
000000000001bacc 000000000000005c t get_arg
000000000001bb28 0000000000002f48 T __ssvfscanf_r
000000000001ea70 000000000000076c t get_arg
000000000001f1dc 0000000000003bfc T _vfprintf_r
0000000000022dd8 00000000000000ec t __sbprintf
0000000000022ec8 00000000000000d0 T _wcrtomb_r
0000000000022f98 0000000000000010 T _wcsrtombs_r
0000000000022fa8 00000000000000e4 T __utf8_wctomb
0000000000023090 0000000000000140 T __swsetup_r
00000000000231d0 000000000000017c T __call_exitprocs
0000000000023350 00000000000001a8 t quorem
00000000000234f8 00000000000010dc T _dtoa_r
00000000000245d8 000000000000000c T __env_lock
00000000000245e8 000000000000000c T __env_unlock
00000000000245f8 0000000000000214 T __sflush_r
0000000000024810 00000000000000b8 T _fflush_r
00000000000248c8 0000000000000078 t std
0000000000024940 000000000000000c T _cleanup_r
0000000000024950 000000000000000c T __sfp_lock_acquire
0000000000024960 000000000000000c T __sfp_lock_release
0000000000024970 000000000000000c T __sinit_lock_acquire
0000000000024980 000000000000000c T __sinit_lock_release
0000000000024990 0000000000000080 T __sinit
0000000000024a10 0000000000000118 T _malloc_trim_r
0000000000024b28 00000000000002f4 T _free_r
0000000000024e20 00000000000004b8 T __sfvwrite_r
00000000000252d8 00000000000000bc T _fwalk_reent
0000000000025398 0000000000000100 T _findenv_r
0000000000025498 0000000000000084 T iswspace
0000000000025520 0000000000000244 t __jp2uc
0000000000025768 00000000000000d0 T _jp2uc
0000000000025838 0000000000000008 T __localeconv_l
0000000000025840 0000000000000028 T _localeconv_r
0000000000025868 00000000000000a4 T __swhatbuf_r
0000000000025910 000000000000010c T __smakebuf_r
0000000000025a20 00000000000000d8 T _mbrtowc_r
0000000000025b00 00000000000000ac T memmove
0000000000025bb0 0000000000000090 T _Balloc
0000000000025c40 000000000000001c T _Bfree
0000000000025c60 00000000000000e8 T __multadd
0000000000025d48 0000000000000120 T __s2b
0000000000025e68 000000000000005c T __hi0bits
0000000000025ec8 00000000000000a0 T __lo0bits
0000000000025f68 000000000000002c T __i2b
0000000000025f98 00000000000001c8 T __multiply
0000000000026160 0000000000000104 T __pow5mult
0000000000026268 0000000000000134 T __lshift
00000000000263a0 0000000000000050 T __mcmp
00000000000263f0 000000000000014c T __mdiff
0000000000026540 0000000000000068 T __ulp
00000000000265a8 0000000000000150 T __b2d
00000000000266f8 0000000000000138 T __d2b
0000000000026830 00000000000000a0 T __ratio
00000000000268d0 0000000000000068 T __copybits
0000000000026938 0000000000000084 T __any_on
00000000000269c0 0000000000000030 T realloc
00000000000269f0 000000000000056c T _realloc_r
0000000000026f60 00000000000000bc T __sccl
0000000000027020 000000000000000c T nanf
0000000000027030 000000000000007c T frexp
00000000000270b0 00000000000000c8 T stpncpy
0000000000027178 0000000000000054 t sulp
00000000000271d0 00000000000010f0 T _strtod_l
00000000000282c0 0000000000000040 T _strtod_r
0000000000028300 00000000000001d0 t _strtoll_l.isra.0
00000000000284d0 0000000000000048 T _strtoll_r
0000000000028518 00000000000001e0 t _strtoull_l.isra.0
00000000000286f8 0000000000000048 T _strtoull_r
0000000000028740 00000000000001c0 T __ssprint_r
0000000000028900 00000000000000f4 T _sungetc_r
00000000000289f4 0000000000000070 T __ssrefill_r
0000000000028a64 00000000000000e0 T _sfread_r
0000000000028b48 00000000000000c8 T __submore
0000000000028c10 000000000000003c T __sprint_r
0000000000028c50 00000000000001dc T _wcsnrtombs_l
0000000000028e30 0000000000000054 T _wcsnrtombs_r
0000000000028e88 000000000000015c T _fclose_r
0000000000028fe8 0000000000000114 t rshift
0000000000029100 00000000000007e8 T __gethex
00000000000298e8 0000000000000048 T __match
0000000000029930 000000000000022c T __hexnan
0000000000029b60 0000000000000008 t null_write
0000000000029b68 0000000000000018 T setDefaultDevice
0000000000029b80 00000000000000f8 T FindDevice
0000000000029c78 0000000000000034 T RemoveDevice
0000000000029cb0 00000000000000d8 T AddDevice
0000000000029d88 00000000000000a8 T _close_r
0000000000029e30 0000000000000080 T _fstat_r
0000000000029eb0 0000000000000008 T _isatty_r
0000000000029eb8 0000000000000094 T _lseek_r
0000000000029f50 00000000000000a4 T _read_r
0000000000029ff8 0000000000000078 T _sbrk_r
000000000002a070 00000000000000a4 T _write_r
000000000002a118 0000000000000024 T _exit
000000000002a140 0000000000000234 T _concatenate_path
000000000002a378 0000000000000178 T chdir
000000000002a4f0 0000000000000018 T __libc_lock_acquire
000000000002a508 0000000000000018 T __libc_lock_release
000000000002a520 0000000000000018 T __libc_lock_init_recursive
000000000002a538 0000000000000018 T __libc_lock_acquire_recursive
000000000002a550 0000000000000018 T __libc_lock_release_recursive
000000000002a568 0000000000000018 T __libc_lock_close_recursive
000000000002a580 000000000000003c T __free_handle
000000000002a5c0 0000000000000058 T __release_handle
000000000002a618 00000000000000c0 T __alloc_handle
000000000002a6d8 0000000000000020 T __get_handle
000000000002a6f8 0000000000000024 T __getreent
000000000002a720 0000000000000150 t __extenddftf2
000000000002a870 0000000000000350 t __trunctfdf2
000000000002abc0 0000000000000070 t __sfp_handle_exceptions
000000000002ac30 0000000000000100 T strrchr
000000000002ad30 T _fini
000000000002b3e0 0000000000000014 r CSWTCH.83
000000000002b478 0000000000000011 r digits.7917
000000000002b490 0000000000000038 r g_defaultSocketInitConfig
000000000002b5a0 0000000000000030 r colorTable
000000000002b5d0 0000000000000086 r _error_code_map
000000000002b658 R default_font_bin
000000000002d658 R default_font_bin_end
000000000002d658 R default_font_bin_size
000000000002d690 0000000000000038 r g_nvColorFmtTable
000000000002d6d8 0000000000000018 r error_table
000000000002d768 0000000000000023 r g_bq_InterfaceDescriptor
000000000002d980 0000000000000010 r blanks.6378
000000000002d990 0000000000000010 r zeroes.6379
000000000002da60 0000000000000022 r basefix.6415
000000000002dbd0 0000000000000010 r blanks.6393
000000000002dbe0 0000000000000010 r zeroes.6394
000000000002dbf0 0000000000000101 R _ctype_
000000000002dd48 00000000000000bc r a1
000000000002de08 00000000000000bc r a2
000000000002dec8 000000000000005b r a3
000000000002df28 0000000000000070 r a6
000000000002df98 00000000000000a2 r a7
000000000002e040 0000000000000040 r a8
000000000002e080 000000000000172a r b02cf
000000000002f7b0 0000000000001a7c r d02f4
0000000000031230 0000000000000028 R __mprec_bigtens
0000000000031258 00000000000000c8 R __mprec_tens
0000000000031320 000000000000000c r p05.5161
0000000000031360 0000000000000014 r fpi.5241
0000000000031378 0000000000000014 r fpinan.5277
0000000000031390 0000000000000028 r tinytens
00000000000313b8 000000000000006c R __action_table
0000000000031428 0000000000000100 R __chclass
0000000000031528 000000000000006c R __state_table
0000000000031598 0000000000000100 R __hexdig
00000000000316a0 0000000000000003 R DIRECTORY_PARENT
00000000000316a8 r __EH_FRAME_BEGIN__
00000000000316a8 R __eh_frame_hdr_end
00000000000316a8 R __eh_frame_hdr_start
00000000000377d4 r __FRAME_END__
00000000000377d8 a _DYNAMIC
000000000003b000 t __frame_dummy_init_array_entry
000000000003b000 T __init_array_start
000000000003b000 B __preinit_array_end
000000000003b000 B __preinit_array_start
000000000003b000 D __tdata_lma
000000000003b000 D __tdata_lma_end
000000000003b008 t __do_global_dtors_aux_fini_array_entry
000000000003b008 T __fini_array_start
000000000003b008 T __init_array_end
000000000003b010 T __fini_array_end
000000000003b010 T __got_start__
000000000003b010 a _GLOBAL_OFFSET_TABLE_
000000000003b2b8 D __got_end__
000000000003b2b8 0000000000000001 V __nx_applet_auto_notifyrunning
000000000003b2bc 0000000000000004 V __nx_applet_type
000000000003b2c0 00000000000000e0 d g_socketDevoptab
000000000003b3a0 0000000000000001 d firstConsoleInit.6003
000000000003b3a8 0000000000000058 d defaultConsole
000000000003b400 0000000000000008 d currentConsole
000000000003b408 00000000000000e0 d dotab_stdout
000000000003b4e8 0000000000000088 d s_consoleSwRenderer
000000000003b570 0000000000000008 d g_bsdClientPid
000000000003b578 0000000000000008 V __nx_exception_stack_size
000000000003b580 0000000000000401 d __cwd
000000000003b984 0000000000000004 d fsdev_fsdevice_cwd
000000000003b988 0000000000000004 d fsdev_fsdevice_default
000000000003b990 00000000000000e0 d fsdev_devoptab
000000000003ba70 0000000000000004 V __nx_vi_stray_layer_flags
000000000003ba74 0000000000000004 d g_viServiceType
000000000003ba78 0000000000000004 V __nx_nv_transfermem_size
000000000003ba7c 0000000000000004 d g_ctrl_fd
000000000003ba80 0000000000000004 d g_nvmap_fd
000000000003ba88 0000000000000008 D _impure_ptr
000000000003ba90 0000000000000768 d impure_data
000000000003c1f8 0000000000000008 D _global_impure_ptr
000000000003c200 00000000000001a8 D __global_locale
000000000003c3a8 0000000000000008 D __malloc_sbrk_base
000000000003c3b0 0000000000000008 D __malloc_trim_threshold
000000000003c3b8 0000000000000810 D __malloc_av_
000000000003cbc8 0000000000000008 D environ
000000000003cbd0 0000000000000004 d defaultDevice
000000000003cbd8 0000000000000080 D devoptab_list
000000000003cc58 00000000000000e0 D dotab_stdnull
000000000003cd38 0000000000000400 d _current_working_directory
000000000003d138 0000000000000010 d __stderr_handle
000000000003d148 0000000000000010 d __stdin_handle
000000000003d158 0000000000000010 d __stdout_handle
000000000003d168 0000000000002000 d handles
000000000003f168 D __bss_start__
000000000003f168 D __TMC_END__
000000000003f168 b completed.7821
000000000003f170 b object.7826
000000000003f1a0 0000000000000008 V __nx_applet_PerformanceConfiguration
000000000003f1a8 0000000000000004 V __nx_applet_exit_mode
000000000003f1ac 0000000000000001 b g_appletExitProcessFlag
000000000003f1b0 0000000000000018 b g_appletFirstHook
000000000003f1c8 0000000000000001 b g_appletFocusState
000000000003f1d0 000000000000000c b g_appletIApplicationCreator
000000000003f1e0 000000000000000c b g_appletIAudioController
000000000003f1f0 000000000000000c b g_appletICommonStateGetter
000000000003f200 000000000000000c b g_appletIDebugFunctions
000000000003f210 000000000000000c b g_appletIDisplayController
000000000003f220 000000000000000c b g_appletIFunctions
000000000003f230 000000000000000c b g_appletIGlobalStateController
000000000003f240 000000000000000c b g_appletILibraryAppletCreator
000000000003f250 000000000000000c b g_appletILibraryAppletSelfAccessor
000000000003f260 000000000000000c b g_appletIProcessWindingController
000000000003f270 000000000000000c b g_appletISelfController
000000000003f280 000000000000000c b g_appletIWindowController
000000000003f290 000000000000000c b g_appletLibraryAppletLaunchableEvent
000000000003f2a0 000000000000000c b g_appletMessageEvent
000000000003f2ac 0000000000000001 b g_appletNotifiedRunning
000000000003f2ad 0000000000000001 b g_appletOperationMode
000000000003f2b0 0000000000000004 b g_appletPerformanceMode
000000000003f2b8 000000000000000c b g_appletProxySession
000000000003f2c4 0000000000000004 b g_appletRecordingInitialized
000000000003f2c8 0000000000000028 b g_appletRecordingTmem
000000000003f2f0 0000000000000008 b g_appletResourceUserId
000000000003f2f8 000000000000000c b g_appletSrv
000000000003f308 0000000000000008 b g_refCnt
000000000003f310 0000000000000050 b g_controllerDown
000000000003f360 00000000000001e0 b g_controllerEntries
000000000003f540 0000000000000190 b g_controllerHeaders
000000000003f6d0 0000000000000050 b g_controllerHeld
000000000003f720 0000000000000028 b g_controllerLayout
000000000003f748 0000000000000050 b g_controllerOld
000000000003f798 0000000000000004 b g_controllerP1AutoID
000000000003f7a0 0000000000000050 b g_controllerTimestamps
000000000003f7f0 0000000000000050 b g_controllerUp
000000000003f840 000000000000000c b g_hidIAppletResource
000000000003f850 0000000000000020 b g_hidLock
000000000003f870 0000000000000020 b g_hidSharedmem
000000000003f890 000000000000000c b g_hidSrv
000000000003f8a0 0000000000000020 b g_keyboardDown
000000000003f8c0 0000000000000038 b g_keyboardEntry
000000000003f8f8 0000000000000020 b g_keyboardHeld
000000000003f918 0000000000000008 b g_keyboardModDown
000000000003f920 0000000000000008 b g_keyboardModHeld
000000000003f928 0000000000000008 b g_keyboardModOld
000000000003f930 0000000000000008 b g_keyboardModUp
000000000003f938 0000000000000020 b g_keyboardOld
000000000003f958 0000000000000008 b g_keyboardTimestamp
000000000003f960 0000000000000020 b g_keyboardUp
000000000003f980 0000000000000008 b g_mouseDown
000000000003f988 0000000000000030 b g_mouseEntry
000000000003f9b8 0000000000000008 b g_mouseHeld
000000000003f9c0 0000000000000008 b g_mouseOld
000000000003f9c8 0000000000000008 b g_mouseTimestamp
000000000003f9d0 0000000000000008 b g_mouseUp
000000000003f9d8 0000000000000008 b g_refCnt
000000000003f9e0 000000000000000a b g_sixaxisEnabled
000000000003f9f0 0000000000004650 b g_sixaxisLayouts
0000000000044040 0000000000000298 b g_touchEntry
00000000000442d8 0000000000000008 b g_touchTimestamp
00000000000442e0 000000000000000c b g_pcvSrv
00000000000442f0 000000000000000c b g_apmISession
0000000000044300 000000000000000c b g_apmSrv
0000000000044310 0000000000000008 b g_refCnt
0000000000044318 0000000000000008 b g_refCnt
0000000000044320 0000000000000004 b g_smHandle
0000000000044328 0000000000000200 b g_smOverrides
0000000000044528 0000000000000008 b g_smOverridesNum
0000000000044530 0000000000000001 b g_hasRandomSeed
0000000000044531 0000000000000001 b g_isNso
0000000000044534 0000000000000004 b g_lastLoadResult
0000000000044538 0000000000000008 b g_loaderRetAddr
0000000000044540 0000000000000004 b g_mainThreadHandle
0000000000044548 0000000000000008 b g_nextLoadArgv
0000000000044550 0000000000000008 b g_nextLoadPath
0000000000044558 0000000000000008 b g_overrideArgv
0000000000044560 0000000000000008 b g_overrideHeapAddr
0000000000044568 0000000000000008 b g_overrideHeapSize
0000000000044570 0000000000000004 b g_processHandle
0000000000044578 0000000000000010 b g_randomSeed
0000000000044588 0000000000000010 b g_syscallHints
0000000000044598 0000000000000018 b g_sfdnsresConfig
00000000000445b0 0000000000000058 b currentCopy
0000000000044608 0000000000000001 b g_HasCached
0000000000044609 0000000000000001 b g_IsAbove200
000000000004460a 0000000000000001 b g_IsAbove300
000000000004460b 0000000000000001 b g_IsAbove400
000000000004460c 0000000000000001 b g_IsAbove500
000000000004460d 0000000000000001 b g_IsAbove600
0000000000044610 0000000000000004 b g_Mutex
0000000000044618 0000000000000010 b g_AddressSpace
0000000000044628 0000000000000008 b g_CurrentAddr
0000000000044630 0000000000000030 b g_Region
0000000000044660 0000000000000004 b g_VirtMemMutex
0000000000044668 000000000000000c b g_bsdMonitor
0000000000044678 000000000000000c b g_bsdSrv
0000000000044688 0000000000000008 b g_bsdSrvIpcBufferSize
0000000000044690 0000000000000028 b g_bsdTmem
00000000000446b8 000000000000000c b g_nifmIGS
00000000000446c8 000000000000000c b g_nifmSrv
00000000000446d8 0000000000000008 b g_refCnt
00000000000446e0 0000000000000078 b g_defaultWin
0000000000044758 0000000000000050 b g_viDisplay
00000000000447a8 0000000000000010 b g_viLayer
00000000000447b8 0000000000000004 V __nx_exception_ignoredebug
00000000000447c0 0000000000000400 V __nx_exception_stack
0000000000044bc0 0000000000000008 V __nx_heap_size
0000000000044bc8 0000000000000008 b __bootticks
0000000000044bd0 0000000000000008 b __boottime
0000000000044bd8 0000000000000004 V __nx_time_type
0000000000044be0 0000000000000008 b g_argv_empty
0000000000044be8 0000000000002300 b fsdev_fsdevices
0000000000046ee8 0000000000000001 b fsdev_initialised
0000000000046ef0 0000000000000008 b g_refCnt
0000000000046ef8 000000000000000c b g_timeLocalSystemClock
0000000000046f08 000000000000000c b g_timeNetworkSystemClock
0000000000046f18 000000000000000c b g_timeSrv
0000000000046f28 000000000000000c b g_timeTimeZoneService
0000000000046f38 000000000000000c b g_timeUserSystemClock
0000000000046f48 0000000000000008 V __nx_vi_layer_id
0000000000046f50 000000000000000c b g_viIApplicationDisplayService
0000000000046f60 000000000000000c b g_viIHOSBinderDriverIndirect
0000000000046f70 000000000000000c b g_viIHOSBinderDriverRelay
0000000000046f80 000000000000000c b g_viIManagerDisplayService
0000000000046f90 000000000000000c b g_viISystemDisplayService
0000000000046fa0 000000000000000c b g_fsSrv
0000000000046fb0 0000000000000008 b g_refCnt
0000000000046fb8 0000000000000008 b g_nvIpcBufferSize
0000000000046fc0 000000000000000c b g_nvSrv
0000000000046fd0 000000000000000c b g_nvSrvClone
0000000000046fe0 0000000000000028 b g_nvTransfermem
0000000000047008 0000000000000008 b g_refCnt
0000000000047010 0000000000000008 b g_NvEventUsedMask
0000000000047018 0000000000000300 b g_NvEvents
0000000000047318 0000000000000008 b g_refCnt
0000000000047320 0000000000000008 b g_refCnt
0000000000047328 0000000000000028 B __malloc_current_mallinfo
0000000000047350 0000000000000008 B __malloc_max_sbrked_mem
0000000000047358 0000000000000008 B __malloc_max_total_mem
0000000000047360 0000000000000008 B __malloc_top_pad
0000000000047368 000000000000000c b __malloc_recursive_mutex
0000000000047374 0000000000000004 b alloced.4037
0000000000047378 000000000000000c B __atexit_recursive_mutex
0000000000047388 0000000000000008 b initial_env
0000000000047390 000000000000000c b __env_recursive_mutex
00000000000473a0 000000000000000c b __sfp_recursive_mutex
00000000000473b0 000000000000000c b __sinit_recursive_mutex
00000000000473c0 0000000000000008 b heap_start.5228
00000000000473c8 0000000000000008 B fake_heap_end
00000000000473d0 0000000000000008 B fake_heap_start
00000000000473d8 0000000000000400 b temp_cwd
00000000000477d8 0000000000000090 B __syscalls
0000000000047868 0000000000000004 b __hndl_lock
0000000000047870 0000000000000008 B joystickRight
0000000000047878 0000000000000010 B ipAddress
0000000000047888 0000000000000005 B data
0000000000047890 0000000000000008 B joystickLeft
00000000000478a0 0000000000000340 B __nx_exceptiondump
0000000000047be0 0000000000000008 B __stack_top
0000000000047be8 0000000000000008 B __system_argv
0000000000047bf0 0000000000000004 B __system_argc
0000000000047bf8 0000000000000004 B __nxlink_host
0000000000047c00 B __tls_start
000000000004c018 B __bss_end__
000000000004c018 A __end__
000000000004c018 B __tls_end
000000000004d000 A __argdata__
